<?xml version="1.0" encoding="UTF-8"?>
<testsuite name="sgwon96.demo.pipeline.service.ApiServiceTest" tests="1" skipped="0" failures="0" errors="0" timestamp="2022-03-30T06:54:54" hostname="Kakao-Entui-MacBookPro-274.local" time="0.312">
  <properties/>
  <testcase name="kubectl get pods" classname="sgwon96.demo.pipeline.service.ApiServiceTest" time="0.312"/>
  <system-out><![CDATA[15:54:50.289 [Test worker] DEBUG org.springframework.test.context.BootstrapUtils - Instantiating CacheAwareContextLoaderDelegate from class [org.springframework.test.context.cache.DefaultCacheAwareContextLoaderDelegate]
15:54:50.301 [Test worker] DEBUG org.springframework.test.context.BootstrapUtils - Instantiating BootstrapContext using constructor [public org.springframework.test.context.support.DefaultBootstrapContext(java.lang.Class,org.springframework.test.context.CacheAwareContextLoaderDelegate)]
15:54:50.334 [Test worker] DEBUG org.springframework.test.context.BootstrapUtils - Instantiating TestContextBootstrapper for test class [sgwon96.demo.pipeline.service.ApiServiceTest] from class [org.springframework.boot.test.context.SpringBootTestContextBootstrapper]
15:54:50.348 [Test worker] INFO org.springframework.boot.test.context.SpringBootTestContextBootstrapper - Neither @ContextConfiguration nor @ContextHierarchy found for test class [sgwon96.demo.pipeline.service.ApiServiceTest], using SpringBootContextLoader
15:54:50.353 [Test worker] DEBUG org.springframework.test.context.support.AbstractContextLoader - Did not detect default resource location for test class [sgwon96.demo.pipeline.service.ApiServiceTest]: class path resource [sgwon96/demo/pipeline/service/ApiServiceTest-context.xml] does not exist
15:54:50.354 [Test worker] DEBUG org.springframework.test.context.support.AbstractContextLoader - Did not detect default resource location for test class [sgwon96.demo.pipeline.service.ApiServiceTest]: class path resource [sgwon96/demo/pipeline/service/ApiServiceTestContext.groovy] does not exist
15:54:50.354 [Test worker] INFO org.springframework.test.context.support.AbstractContextLoader - Could not detect default resource locations for test class [sgwon96.demo.pipeline.service.ApiServiceTest]: no resource found for suffixes {-context.xml, Context.groovy}.
15:54:50.355 [Test worker] INFO org.springframework.test.context.support.AnnotationConfigContextLoaderUtils - Could not detect default configuration classes for test class [sgwon96.demo.pipeline.service.ApiServiceTest]: ApiServiceTest does not declare any static, non-private, non-final, nested classes annotated with @Configuration.
15:54:50.400 [Test worker] DEBUG org.springframework.test.context.support.ActiveProfilesUtils - Could not find an 'annotation declaring class' for annotation type [org.springframework.test.context.ActiveProfiles] and class [sgwon96.demo.pipeline.service.ApiServiceTest]
15:54:50.470 [Test worker] DEBUG org.springframework.context.annotation.ClassPathScanningCandidateComponentProvider - Identified candidate component class: file [/Users/kakao_ent/Desktop/lion/project/demo/build/classes/java/main/sgwon96/demo/StudyApplication.class]
15:54:50.470 [Test worker] INFO org.springframework.boot.test.context.SpringBootTestContextBootstrapper - Found @SpringBootConfiguration sgwon96.demo.StudyApplication for test class sgwon96.demo.pipeline.service.ApiServiceTest
15:54:50.572 [Test worker] DEBUG org.springframework.boot.test.context.SpringBootTestContextBootstrapper - @TestExecutionListeners is not present for class [sgwon96.demo.pipeline.service.ApiServiceTest]: using defaults.
15:54:50.573 [Test worker] INFO org.springframework.boot.test.context.SpringBootTestContextBootstrapper - Loaded default TestExecutionListener class names from location [META-INF/spring.factories]: [org.springframework.boot.test.autoconfigure.restdocs.RestDocsTestExecutionListener, org.springframework.boot.test.autoconfigure.web.client.MockRestServiceServerResetTestExecutionListener, org.springframework.boot.test.autoconfigure.web.servlet.MockMvcPrintOnlyOnFailureTestExecutionListener, org.springframework.boot.test.autoconfigure.web.servlet.WebDriverTestExecutionListener, org.springframework.boot.test.autoconfigure.webservices.client.MockWebServiceServerTestExecutionListener, org.springframework.boot.test.mock.mockito.MockitoTestExecutionListener, org.springframework.boot.test.mock.mockito.ResetMocksTestExecutionListener, org.springframework.test.context.web.ServletTestExecutionListener, org.springframework.test.context.support.DirtiesContextBeforeModesTestExecutionListener, org.springframework.test.context.event.ApplicationEventsTestExecutionListener, org.springframework.test.context.support.DependencyInjectionTestExecutionListener, org.springframework.test.context.support.DirtiesContextTestExecutionListener, org.springframework.test.context.transaction.TransactionalTestExecutionListener, org.springframework.test.context.jdbc.SqlScriptsTestExecutionListener, org.springframework.test.context.event.EventPublishingTestExecutionListener]
15:54:50.594 [Test worker] INFO org.springframework.boot.test.context.SpringBootTestContextBootstrapper - Using TestExecutionListeners: [org.springframework.test.context.web.ServletTestExecutionListener@1e11bc55, org.springframework.test.context.support.DirtiesContextBeforeModesTestExecutionListener@7544a1e4, org.springframework.test.context.event.ApplicationEventsTestExecutionListener@70e0accd, org.springframework.boot.test.mock.mockito.MockitoTestExecutionListener@7957dc72, org.springframework.boot.test.autoconfigure.SpringBootDependencyInjectionTestExecutionListener@6ab72419, org.springframework.test.context.support.DirtiesContextTestExecutionListener@3aacf32a, org.springframework.test.context.transaction.TransactionalTestExecutionListener@4fdfa676, org.springframework.test.context.jdbc.SqlScriptsTestExecutionListener@82c57b3, org.springframework.test.context.event.EventPublishingTestExecutionListener@5be82d43, org.springframework.boot.test.autoconfigure.restdocs.RestDocsTestExecutionListener@600b0b7, org.springframework.boot.test.autoconfigure.web.client.MockRestServiceServerResetTestExecutionListener@345e5a17, org.springframework.boot.test.autoconfigure.web.servlet.MockMvcPrintOnlyOnFailureTestExecutionListener@5ea502e0, org.springframework.boot.test.autoconfigure.web.servlet.WebDriverTestExecutionListener@443dbe42, org.springframework.boot.test.autoconfigure.webservices.client.MockWebServiceServerTestExecutionListener@473b3b7a, org.springframework.boot.test.mock.mockito.ResetMocksTestExecutionListener@1734f68]
15:54:50.598 [Test worker] DEBUG org.springframework.test.context.support.AbstractDirtiesContextTestExecutionListener - Before test class: context [DefaultTestContext@2a7b6f69 testClass = ApiServiceTest, testInstance = [null], testMethod = [null], testException = [null], mergedContextConfiguration = [WebMergedContextConfiguration@20312893 testClass = ApiServiceTest, locations = '{}', classes = '{class sgwon96.demo.StudyApplication}', contextInitializerClasses = '[]', activeProfiles = '{}', propertySourceLocations = '{}', propertySourceProperties = '{org.springframework.boot.test.context.SpringBootTestContextBootstrapper=true}', contextCustomizers = set[org.springframework.boot.test.autoconfigure.actuate.metrics.MetricsExportContextCustomizerFactory$DisableMetricExportContextCustomizer@13f17eb4, org.springframework.boot.test.autoconfigure.properties.PropertyMappingContextCustomizer@0, org.springframework.boot.test.autoconfigure.web.servlet.WebDriverContextCustomizerFactory$Customizer@698122b2, org.springframework.boot.test.context.filter.ExcludeFilterContextCustomizer@c1bd0be, org.springframework.boot.test.json.DuplicateJsonObjectContextCustomizerFactory$DuplicateJsonObjectContextCustomizer@655f7ea, org.springframework.boot.test.mock.mockito.MockitoContextCustomizer@0, org.springframework.boot.test.web.client.TestRestTemplateContextCustomizer@5e81e5ac, org.springframework.boot.test.context.SpringBootTestArgs@1, org.springframework.boot.test.context.SpringBootTestWebEnvironment@7068e664], resourceBasePath = 'src/main/webapp', contextLoader = 'org.springframework.boot.test.context.SpringBootContextLoader', parent = [null]], attributes = map['org.springframework.test.context.web.ServletTestExecutionListener.activateListener' -> true]], class annotated with @DirtiesContext [false] with mode [null].

  .   ____          _            __ _ _
 /\\ / ___'_ __ _ _(_)_ __  __ _ \ \ \ \
( ( )\___ | '_ | '_| | '_ \/ _` | \ \ \ \
 \\/  ___)| |_)| | | | | || (_| |  ) ) ) )
  '  |____| .__|_| |_|_| |_\__, | / / / /
 =========|_|==============|___/=/_/_/_/
 :: Spring Boot ::                (v2.6.4)

2022-03-30 15:54:51.021  INFO 59315 --- [    Test worker] s.demo.pipeline.service.ApiServiceTest   : Starting ApiServiceTest using Java 11.0.13 on Kakao-Entui-MacBookPro-274.local with PID 59315 (started by kakao_ent in /Users/kakao_ent/Desktop/lion/project/demo)
2022-03-30 15:54:51.023  INFO 59315 --- [    Test worker] s.demo.pipeline.service.ApiServiceTest   : The following 1 profile is active: "local"
2022-03-30 15:54:51.674  INFO 59315 --- [    Test worker] .s.d.r.c.RepositoryConfigurationDelegate : Bootstrapping Spring Data JPA repositories in DEFAULT mode.
2022-03-30 15:54:51.736  INFO 59315 --- [    Test worker] .s.d.r.c.RepositoryConfigurationDelegate : Finished Spring Data repository scanning in 51 ms. Found 2 JPA repository interfaces.
2022-03-30 15:54:52.258  INFO 59315 --- [    Test worker] o.hibernate.jpa.internal.util.LogHelper  : HHH000204: Processing PersistenceUnitInfo [name: default]
2022-03-30 15:54:52.307  INFO 59315 --- [    Test worker] org.hibernate.Version                    : HHH000412: Hibernate ORM core version 5.6.5.Final
2022-03-30 15:54:52.514  INFO 59315 --- [    Test worker] o.hibernate.annotations.common.Version   : HCANN000001: Hibernate Commons Annotations {5.1.2.Final}
2022-03-30 15:54:52.545 DEBUG 59315 --- [    Test worker] org.hibernate.type.BasicTypeRegistry     : Adding type registration boolean -> org.hibernate.type.BooleanType@1894fa9f
2022-03-30 15:54:52.546 DEBUG 59315 --- [    Test worker] org.hibernate.type.BasicTypeRegistry     : Adding type registration boolean -> org.hibernate.type.BooleanType@1894fa9f
2022-03-30 15:54:52.546 DEBUG 59315 --- [    Test worker] org.hibernate.type.BasicTypeRegistry     : Adding type registration java.lang.Boolean -> org.hibernate.type.BooleanType@1894fa9f
2022-03-30 15:54:52.546 DEBUG 59315 --- [    Test worker] org.hibernate.type.BasicTypeRegistry     : Adding type registration numeric_boolean -> org.hibernate.type.NumericBooleanType@45287377
2022-03-30 15:54:52.547 DEBUG 59315 --- [    Test worker] org.hibernate.type.BasicTypeRegistry     : Adding type registration true_false -> org.hibernate.type.TrueFalseType@35e74e08
2022-03-30 15:54:52.547 DEBUG 59315 --- [    Test worker] org.hibernate.type.BasicTypeRegistry     : Adding type registration yes_no -> org.hibernate.type.YesNoType@4e17442f
2022-03-30 15:54:52.548 DEBUG 59315 --- [    Test worker] org.hibernate.type.BasicTypeRegistry     : Adding type registration byte -> org.hibernate.type.ByteType@38087342
2022-03-30 15:54:52.548 DEBUG 59315 --- [    Test worker] org.hibernate.type.BasicTypeRegistry     : Adding type registration byte -> org.hibernate.type.ByteType@38087342
2022-03-30 15:54:52.548 DEBUG 59315 --- [    Test worker] org.hibernate.type.BasicTypeRegistry     : Adding type registration java.lang.Byte -> org.hibernate.type.ByteType@38087342
2022-03-30 15:54:52.549 DEBUG 59315 --- [    Test worker] org.hibernate.type.BasicTypeRegistry     : Adding type registration character -> org.hibernate.type.CharacterType@7ab63838
2022-03-30 15:54:52.549 DEBUG 59315 --- [    Test worker] org.hibernate.type.BasicTypeRegistry     : Adding type registration char -> org.hibernate.type.CharacterType@7ab63838
2022-03-30 15:54:52.550 DEBUG 59315 --- [    Test worker] org.hibernate.type.BasicTypeRegistry     : Adding type registration java.lang.Character -> org.hibernate.type.CharacterType@7ab63838
2022-03-30 15:54:52.551 DEBUG 59315 --- [    Test worker] org.hibernate.type.BasicTypeRegistry     : Adding type registration short -> org.hibernate.type.ShortType@2a5abd3c
2022-03-30 15:54:52.551 DEBUG 59315 --- [    Test worker] org.hibernate.type.BasicTypeRegistry     : Adding type registration short -> org.hibernate.type.ShortType@2a5abd3c
2022-03-30 15:54:52.551 DEBUG 59315 --- [    Test worker] org.hibernate.type.BasicTypeRegistry     : Adding type registration java.lang.Short -> org.hibernate.type.ShortType@2a5abd3c
2022-03-30 15:54:52.552 DEBUG 59315 --- [    Test worker] org.hibernate.type.BasicTypeRegistry     : Adding type registration integer -> org.hibernate.type.IntegerType@5c82031b
2022-03-30 15:54:52.552 DEBUG 59315 --- [    Test worker] org.hibernate.type.BasicTypeRegistry     : Adding type registration int -> org.hibernate.type.IntegerType@5c82031b
2022-03-30 15:54:52.552 DEBUG 59315 --- [    Test worker] org.hibernate.type.BasicTypeRegistry     : Adding type registration java.lang.Integer -> org.hibernate.type.IntegerType@5c82031b
2022-03-30 15:54:52.553 DEBUG 59315 --- [    Test worker] org.hibernate.type.BasicTypeRegistry     : Adding type registration long -> org.hibernate.type.LongType@2ad7bd26
2022-03-30 15:54:52.554 DEBUG 59315 --- [    Test worker] org.hibernate.type.BasicTypeRegistry     : Adding type registration long -> org.hibernate.type.LongType@2ad7bd26
2022-03-30 15:54:52.554 DEBUG 59315 --- [    Test worker] org.hibernate.type.BasicTypeRegistry     : Adding type registration java.lang.Long -> org.hibernate.type.LongType@2ad7bd26
2022-03-30 15:54:52.555 DEBUG 59315 --- [    Test worker] org.hibernate.type.BasicTypeRegistry     : Adding type registration float -> org.hibernate.type.FloatType@59e7564b
2022-03-30 15:54:52.555 DEBUG 59315 --- [    Test worker] org.hibernate.type.BasicTypeRegistry     : Adding type registration float -> org.hibernate.type.FloatType@59e7564b
2022-03-30 15:54:52.555 DEBUG 59315 --- [    Test worker] org.hibernate.type.BasicTypeRegistry     : Adding type registration java.lang.Float -> org.hibernate.type.FloatType@59e7564b
2022-03-30 15:54:52.556 DEBUG 59315 --- [    Test worker] org.hibernate.type.BasicTypeRegistry     : Adding type registration double -> org.hibernate.type.DoubleType@1471b98d
2022-03-30 15:54:52.556 DEBUG 59315 --- [    Test worker] org.hibernate.type.BasicTypeRegistry     : Adding type registration double -> org.hibernate.type.DoubleType@1471b98d
2022-03-30 15:54:52.556 DEBUG 59315 --- [    Test worker] org.hibernate.type.BasicTypeRegistry     : Adding type registration java.lang.Double -> org.hibernate.type.DoubleType@1471b98d
2022-03-30 15:54:52.557 DEBUG 59315 --- [    Test worker] org.hibernate.type.BasicTypeRegistry     : Adding type registration big_decimal -> org.hibernate.type.BigDecimalType@6bf570c
2022-03-30 15:54:52.557 DEBUG 59315 --- [    Test worker] org.hibernate.type.BasicTypeRegistry     : Adding type registration java.math.BigDecimal -> org.hibernate.type.BigDecimalType@6bf570c
2022-03-30 15:54:52.558 DEBUG 59315 --- [    Test worker] org.hibernate.type.BasicTypeRegistry     : Adding type registration big_integer -> org.hibernate.type.BigIntegerType@200d1a3d
2022-03-30 15:54:52.558 DEBUG 59315 --- [    Test worker] org.hibernate.type.BasicTypeRegistry     : Adding type registration java.math.BigInteger -> org.hibernate.type.BigIntegerType@200d1a3d
2022-03-30 15:54:52.559 DEBUG 59315 --- [    Test worker] org.hibernate.type.BasicTypeRegistry     : Adding type registration string -> org.hibernate.type.StringType@2a8f8555
2022-03-30 15:54:52.559 DEBUG 59315 --- [    Test worker] org.hibernate.type.BasicTypeRegistry     : Adding type registration java.lang.String -> org.hibernate.type.StringType@2a8f8555
2022-03-30 15:54:52.560 DEBUG 59315 --- [    Test worker] org.hibernate.type.BasicTypeRegistry     : Adding type registration nstring -> org.hibernate.type.StringNVarcharType@54489296
2022-03-30 15:54:52.561 DEBUG 59315 --- [    Test worker] org.hibernate.type.BasicTypeRegistry     : Adding type registration ncharacter -> org.hibernate.type.CharacterNCharType@6c07add6
2022-03-30 15:54:52.562 DEBUG 59315 --- [    Test worker] org.hibernate.type.BasicTypeRegistry     : Adding type registration url -> org.hibernate.type.UrlType@687eb455
2022-03-30 15:54:52.562 DEBUG 59315 --- [    Test worker] org.hibernate.type.BasicTypeRegistry     : Adding type registration java.net.URL -> org.hibernate.type.UrlType@687eb455
2022-03-30 15:54:52.563 DEBUG 59315 --- [    Test worker] org.hibernate.type.BasicTypeRegistry     : Adding type registration Duration -> org.hibernate.type.DurationType@781dbe44
2022-03-30 15:54:52.563 DEBUG 59315 --- [    Test worker] org.hibernate.type.BasicTypeRegistry     : Adding type registration java.time.Duration -> org.hibernate.type.DurationType@781dbe44
2022-03-30 15:54:52.564 DEBUG 59315 --- [    Test worker] org.hibernate.type.BasicTypeRegistry     : Adding type registration Instant -> org.hibernate.type.InstantType@20ffb8d5
2022-03-30 15:54:52.564 DEBUG 59315 --- [    Test worker] org.hibernate.type.BasicTypeRegistry     : Adding type registration java.time.Instant -> org.hibernate.type.InstantType@20ffb8d5
2022-03-30 15:54:52.565 DEBUG 59315 --- [    Test worker] org.hibernate.type.BasicTypeRegistry     : Adding type registration LocalDateTime -> org.hibernate.type.LocalDateTimeType@a21c74
2022-03-30 15:54:52.565 DEBUG 59315 --- [    Test worker] org.hibernate.type.BasicTypeRegistry     : Adding type registration java.time.LocalDateTime -> org.hibernate.type.LocalDateTimeType@a21c74
2022-03-30 15:54:52.566 DEBUG 59315 --- [    Test worker] org.hibernate.type.BasicTypeRegistry     : Adding type registration LocalDate -> org.hibernate.type.LocalDateType@14b8a751
2022-03-30 15:54:52.566 DEBUG 59315 --- [    Test worker] org.hibernate.type.BasicTypeRegistry     : Adding type registration java.time.LocalDate -> org.hibernate.type.LocalDateType@14b8a751
2022-03-30 15:54:52.567 DEBUG 59315 --- [    Test worker] org.hibernate.type.BasicTypeRegistry     : Adding type registration LocalTime -> org.hibernate.type.LocalTimeType@63124022
2022-03-30 15:54:52.567 DEBUG 59315 --- [    Test worker] org.hibernate.type.BasicTypeRegistry     : Adding type registration java.time.LocalTime -> org.hibernate.type.LocalTimeType@63124022
2022-03-30 15:54:52.568 DEBUG 59315 --- [    Test worker] org.hibernate.type.BasicTypeRegistry     : Adding type registration OffsetDateTime -> org.hibernate.type.OffsetDateTimeType@4bf4680c
2022-03-30 15:54:52.568 DEBUG 59315 --- [    Test worker] org.hibernate.type.BasicTypeRegistry     : Adding type registration java.time.OffsetDateTime -> org.hibernate.type.OffsetDateTimeType@4bf4680c
2022-03-30 15:54:52.569 DEBUG 59315 --- [    Test worker] org.hibernate.type.BasicTypeRegistry     : Adding type registration OffsetTime -> org.hibernate.type.OffsetTimeType@4e4395c
2022-03-30 15:54:52.569 DEBUG 59315 --- [    Test worker] org.hibernate.type.BasicTypeRegistry     : Adding type registration java.time.OffsetTime -> org.hibernate.type.OffsetTimeType@4e4395c
2022-03-30 15:54:52.570 DEBUG 59315 --- [    Test worker] org.hibernate.type.BasicTypeRegistry     : Adding type registration ZonedDateTime -> org.hibernate.type.ZonedDateTimeType@1491cd6c
2022-03-30 15:54:52.570 DEBUG 59315 --- [    Test worker] org.hibernate.type.BasicTypeRegistry     : Adding type registration java.time.ZonedDateTime -> org.hibernate.type.ZonedDateTimeType@1491cd6c
2022-03-30 15:54:52.571 DEBUG 59315 --- [    Test worker] org.hibernate.type.BasicTypeRegistry     : Adding type registration date -> org.hibernate.type.DateType@4607d78b
2022-03-30 15:54:52.572 DEBUG 59315 --- [    Test worker] org.hibernate.type.BasicTypeRegistry     : Adding type registration java.sql.Date -> org.hibernate.type.DateType@4607d78b
2022-03-30 15:54:52.573 DEBUG 59315 --- [    Test worker] org.hibernate.type.BasicTypeRegistry     : Adding type registration time -> org.hibernate.type.TimeType@374c3975
2022-03-30 15:54:52.573 DEBUG 59315 --- [    Test worker] org.hibernate.type.BasicTypeRegistry     : Adding type registration java.sql.Time -> org.hibernate.type.TimeType@374c3975
2022-03-30 15:54:52.574 DEBUG 59315 --- [    Test worker] org.hibernate.type.BasicTypeRegistry     : Adding type registration timestamp -> org.hibernate.type.TimestampType@6bcdd6e4
2022-03-30 15:54:52.575 DEBUG 59315 --- [    Test worker] org.hibernate.type.BasicTypeRegistry     : Adding type registration java.sql.Timestamp -> org.hibernate.type.TimestampType@6bcdd6e4
2022-03-30 15:54:52.575 DEBUG 59315 --- [    Test worker] org.hibernate.type.BasicTypeRegistry     : Adding type registration java.util.Date -> org.hibernate.type.TimestampType@6bcdd6e4
2022-03-30 15:54:52.576 DEBUG 59315 --- [    Test worker] org.hibernate.type.BasicTypeRegistry     : Adding type registration dbtimestamp -> org.hibernate.type.DbTimestampType@7b91d9f
2022-03-30 15:54:52.577 DEBUG 59315 --- [    Test worker] org.hibernate.type.BasicTypeRegistry     : Adding type registration calendar -> org.hibernate.type.CalendarType@46cf8c07
2022-03-30 15:54:52.577 DEBUG 59315 --- [    Test worker] org.hibernate.type.BasicTypeRegistry     : Adding type registration java.util.Calendar -> org.hibernate.type.CalendarType@46cf8c07
2022-03-30 15:54:52.577 DEBUG 59315 --- [    Test worker] org.hibernate.type.BasicTypeRegistry     : Adding type registration java.util.GregorianCalendar -> org.hibernate.type.CalendarType@46cf8c07
2022-03-30 15:54:52.578 DEBUG 59315 --- [    Test worker] org.hibernate.type.BasicTypeRegistry     : Adding type registration calendar_date -> org.hibernate.type.CalendarDateType@bd93bc3
2022-03-30 15:54:52.579 DEBUG 59315 --- [    Test worker] org.hibernate.type.BasicTypeRegistry     : Adding type registration calendar_time -> org.hibernate.type.CalendarTimeType@55bf35e5
2022-03-30 15:54:52.579 DEBUG 59315 --- [    Test worker] org.hibernate.type.BasicTypeRegistry     : Adding type registration locale -> org.hibernate.type.LocaleType@6b16de91
2022-03-30 15:54:52.579 DEBUG 59315 --- [    Test worker] org.hibernate.type.BasicTypeRegistry     : Adding type registration java.util.Locale -> org.hibernate.type.LocaleType@6b16de91
2022-03-30 15:54:52.580 DEBUG 59315 --- [    Test worker] org.hibernate.type.BasicTypeRegistry     : Adding type registration currency -> org.hibernate.type.CurrencyType@685d7ba5
2022-03-30 15:54:52.580 DEBUG 59315 --- [    Test worker] org.hibernate.type.BasicTypeRegistry     : Adding type registration java.util.Currency -> org.hibernate.type.CurrencyType@685d7ba5
2022-03-30 15:54:52.581 DEBUG 59315 --- [    Test worker] org.hibernate.type.BasicTypeRegistry     : Adding type registration timezone -> org.hibernate.type.TimeZoneType@76d0ecd7
2022-03-30 15:54:52.581 DEBUG 59315 --- [    Test worker] org.hibernate.type.BasicTypeRegistry     : Adding type registration java.util.TimeZone -> org.hibernate.type.TimeZoneType@76d0ecd7
2022-03-30 15:54:52.582 DEBUG 59315 --- [    Test worker] org.hibernate.type.BasicTypeRegistry     : Adding type registration class -> org.hibernate.type.ClassType@5dcf0772
2022-03-30 15:54:52.582 DEBUG 59315 --- [    Test worker] org.hibernate.type.BasicTypeRegistry     : Adding type registration java.lang.Class -> org.hibernate.type.ClassType@5dcf0772
2022-03-30 15:54:52.582 DEBUG 59315 --- [    Test worker] org.hibernate.type.BasicTypeRegistry     : Adding type registration uuid-binary -> org.hibernate.type.UUIDBinaryType@5e67a490
2022-03-30 15:54:52.583 DEBUG 59315 --- [    Test worker] org.hibernate.type.BasicTypeRegistry     : Adding type registration java.util.UUID -> org.hibernate.type.UUIDBinaryType@5e67a490
2022-03-30 15:54:52.583 DEBUG 59315 --- [    Test worker] org.hibernate.type.BasicTypeRegistry     : Adding type registration uuid-char -> org.hibernate.type.UUIDCharType@7f4e5a39
2022-03-30 15:54:52.584 DEBUG 59315 --- [    Test worker] org.hibernate.type.BasicTypeRegistry     : Adding type registration binary -> org.hibernate.type.BinaryType@11e17893
2022-03-30 15:54:52.584 DEBUG 59315 --- [    Test worker] org.hibernate.type.BasicTypeRegistry     : Adding type registration byte[] -> org.hibernate.type.BinaryType@11e17893
2022-03-30 15:54:52.584 DEBUG 59315 --- [    Test worker] org.hibernate.type.BasicTypeRegistry     : Adding type registration [B -> org.hibernate.type.BinaryType@11e17893
2022-03-30 15:54:52.585 DEBUG 59315 --- [    Test worker] org.hibernate.type.BasicTypeRegistry     : Adding type registration wrapper-binary -> org.hibernate.type.WrapperBinaryType@23648d2d
2022-03-30 15:54:52.585 DEBUG 59315 --- [    Test worker] org.hibernate.type.BasicTypeRegistry     : Adding type registration Byte[] -> org.hibernate.type.WrapperBinaryType@23648d2d
2022-03-30 15:54:52.586 DEBUG 59315 --- [    Test worker] org.hibernate.type.BasicTypeRegistry     : Adding type registration [Ljava.lang.Byte; -> org.hibernate.type.WrapperBinaryType@23648d2d
2022-03-30 15:54:52.587 DEBUG 59315 --- [    Test worker] org.hibernate.type.BasicTypeRegistry     : Adding type registration row_version -> org.hibernate.type.RowVersionType@1544ded3
2022-03-30 15:54:52.587 DEBUG 59315 --- [    Test worker] org.hibernate.type.BasicTypeRegistry     : Adding type registration image -> org.hibernate.type.ImageType@119d4443
2022-03-30 15:54:52.588 DEBUG 59315 --- [    Test worker] org.hibernate.type.BasicTypeRegistry     : Adding type registration characters -> org.hibernate.type.CharArrayType@7e0f9528
2022-03-30 15:54:52.588 DEBUG 59315 --- [    Test worker] org.hibernate.type.BasicTypeRegistry     : Adding type registration char[] -> org.hibernate.type.CharArrayType@7e0f9528
2022-03-30 15:54:52.588 DEBUG 59315 --- [    Test worker] org.hibernate.type.BasicTypeRegistry     : Adding type registration [C -> org.hibernate.type.CharArrayType@7e0f9528
2022-03-30 15:54:52.589 DEBUG 59315 --- [    Test worker] org.hibernate.type.BasicTypeRegistry     : Adding type registration wrapper-characters -> org.hibernate.type.CharacterArrayType@7336fd8f
2022-03-30 15:54:52.589 DEBUG 59315 --- [    Test worker] org.hibernate.type.BasicTypeRegistry     : Adding type registration [Ljava.lang.Character; -> org.hibernate.type.CharacterArrayType@7336fd8f
2022-03-30 15:54:52.589 DEBUG 59315 --- [    Test worker] org.hibernate.type.BasicTypeRegistry     : Adding type registration Character[] -> org.hibernate.type.CharacterArrayType@7336fd8f
2022-03-30 15:54:52.589 DEBUG 59315 --- [    Test worker] org.hibernate.type.BasicTypeRegistry     : Adding type registration text -> org.hibernate.type.TextType@5203c80f
2022-03-30 15:54:52.590 DEBUG 59315 --- [    Test worker] org.hibernate.type.BasicTypeRegistry     : Adding type registration ntext -> org.hibernate.type.NTextType@44dd0d38
2022-03-30 15:54:52.591 DEBUG 59315 --- [    Test worker] org.hibernate.type.BasicTypeRegistry     : Adding type registration blob -> org.hibernate.type.BlobType@3181d4de
2022-03-30 15:54:52.591 DEBUG 59315 --- [    Test worker] org.hibernate.type.BasicTypeRegistry     : Adding type registration java.sql.Blob -> org.hibernate.type.BlobType@3181d4de
2022-03-30 15:54:52.591 DEBUG 59315 --- [    Test worker] org.hibernate.type.BasicTypeRegistry     : Adding type registration materialized_blob -> org.hibernate.type.MaterializedBlobType@1815577b
2022-03-30 15:54:52.592 DEBUG 59315 --- [    Test worker] org.hibernate.type.BasicTypeRegistry     : Adding type registration clob -> org.hibernate.type.ClobType@3afca2c
2022-03-30 15:54:52.592 DEBUG 59315 --- [    Test worker] org.hibernate.type.BasicTypeRegistry     : Adding type registration java.sql.Clob -> org.hibernate.type.ClobType@3afca2c
2022-03-30 15:54:52.593 DEBUG 59315 --- [    Test worker] org.hibernate.type.BasicTypeRegistry     : Adding type registration nclob -> org.hibernate.type.NClobType@6d31f106
2022-03-30 15:54:52.594 DEBUG 59315 --- [    Test worker] org.hibernate.type.BasicTypeRegistry     : Adding type registration java.sql.NClob -> org.hibernate.type.NClobType@6d31f106
2022-03-30 15:54:52.594 DEBUG 59315 --- [    Test worker] org.hibernate.type.BasicTypeRegistry     : Adding type registration materialized_clob -> org.hibernate.type.MaterializedClobType@d6b532f
2022-03-30 15:54:52.594 DEBUG 59315 --- [    Test worker] org.hibernate.type.BasicTypeRegistry     : Adding type registration materialized_nclob -> org.hibernate.type.MaterializedNClobType@28e7bb31
2022-03-30 15:54:52.595 DEBUG 59315 --- [    Test worker] org.hibernate.type.BasicTypeRegistry     : Adding type registration serializable -> org.hibernate.type.SerializableType@61853c7e
2022-03-30 15:54:52.598 DEBUG 59315 --- [    Test worker] org.hibernate.type.BasicTypeRegistry     : Adding type registration object -> org.hibernate.type.ObjectType@f18b738
2022-03-30 15:54:52.598 DEBUG 59315 --- [    Test worker] org.hibernate.type.BasicTypeRegistry     : Adding type registration java.lang.Object -> org.hibernate.type.ObjectType@f18b738
2022-03-30 15:54:52.598 DEBUG 59315 --- [    Test worker] org.hibernate.type.BasicTypeRegistry     : Adding type registration imm_date -> org.hibernate.type.AdaptedImmutableType@f017dd0
2022-03-30 15:54:52.598 DEBUG 59315 --- [    Test worker] org.hibernate.type.BasicTypeRegistry     : Adding type registration imm_time -> org.hibernate.type.AdaptedImmutableType@2424cb9d
2022-03-30 15:54:52.599 DEBUG 59315 --- [    Test worker] org.hibernate.type.BasicTypeRegistry     : Adding type registration imm_timestamp -> org.hibernate.type.AdaptedImmutableType@7f51f588
2022-03-30 15:54:52.599 DEBUG 59315 --- [    Test worker] org.hibernate.type.BasicTypeRegistry     : Adding type registration imm_dbtimestamp -> org.hibernate.type.AdaptedImmutableType@6fb22ae3
2022-03-30 15:54:52.599 DEBUG 59315 --- [    Test worker] org.hibernate.type.BasicTypeRegistry     : Adding type registration imm_calendar -> org.hibernate.type.AdaptedImmutableType@6bd92538
2022-03-30 15:54:52.599 DEBUG 59315 --- [    Test worker] org.hibernate.type.BasicTypeRegistry     : Adding type registration imm_calendar_date -> org.hibernate.type.AdaptedImmutableType@69a373fd
2022-03-30 15:54:52.599 DEBUG 59315 --- [    Test worker] org.hibernate.type.BasicTypeRegistry     : Adding type registration imm_binary -> org.hibernate.type.AdaptedImmutableType@19ae36f4
2022-03-30 15:54:52.599 DEBUG 59315 --- [    Test worker] org.hibernate.type.BasicTypeRegistry     : Adding type registration imm_serializable -> org.hibernate.type.AdaptedImmutableType@6735f210
2022-03-30 15:54:52.637  INFO 59315 --- [    Test worker] com.zaxxer.hikari.HikariDataSource       : HikariPool-1 - Starting...
2022-03-30 15:54:52.719  INFO 59315 --- [    Test worker] com.zaxxer.hikari.HikariDataSource       : HikariPool-1 - Start completed.
2022-03-30 15:54:52.752  INFO 59315 --- [    Test worker] org.hibernate.dialect.Dialect            : HHH000400: Using dialect: org.hibernate.dialect.H2Dialect
2022-03-30 15:54:52.803 DEBUG 59315 --- [    Test worker] o.h.type.spi.TypeConfiguration$Scope     : Scoping TypeConfiguration [org.hibernate.type.spi.TypeConfiguration@21e484b] to MetadataBuildingContext [org.hibernate.boot.internal.MetadataBuildingContextRootImpl@191f4d65]
2022-03-30 15:54:53.018 DEBUG 59315 --- [    Test worker] o.h.type.spi.TypeConfiguration$Scope     : Scoping TypeConfiguration [org.hibernate.type.spi.TypeConfiguration@21e484b] to SessionFactoryImpl [org.hibernate.internal.SessionFactoryImpl@7bdb4f17]
Hibernate: 
    
    drop table if exists task_entity CASCADE 
Hibernate: 
    
    drop table if exists task_with_version_entity CASCADE 
Hibernate: 
    
    drop sequence if exists hibernate_sequence
Hibernate: create sequence hibernate_sequence start with 1 increment by 1
Hibernate: 
    
    create table task_entity (
       id bigint not null,
        duration bigint,
        end_time timestamp,
        start_time timestamp,
        status varchar(255),
        primary key (id)
    )
Hibernate: 
    
    create table task_with_version_entity (
       id bigint not null,
        duration bigint,
        end_time timestamp,
        start_time timestamp,
        status varchar(255),
        version bigint,
        primary key (id)
    )
2022-03-30 15:54:53.360  INFO 59315 --- [    Test worker] o.h.e.t.j.p.i.JtaPlatformInitiator       : HHH000490: Using JtaPlatform implementation: [org.hibernate.engine.transaction.jta.platform.internal.NoJtaPlatform]
2022-03-30 15:54:53.368 TRACE 59315 --- [    Test worker] o.h.type.spi.TypeConfiguration$Scope     : Handling #sessionFactoryCreated from [org.hibernate.internal.SessionFactoryImpl@7bdb4f17] for TypeConfiguration
2022-03-30 15:54:53.369  INFO 59315 --- [    Test worker] j.LocalContainerEntityManagerFactoryBean : Initialized JPA EntityManagerFactory for persistence unit 'default'
2022-03-30 15:54:54.364  WARN 59315 --- [    Test worker] JpaBaseConfiguration$JpaWebConfiguration : spring.jpa.open-in-view is enabled by default. Therefore, database queries may be performed during view rendering. Explicitly configure spring.jpa.open-in-view to disable this warning
2022-03-30 15:54:54.889  INFO 59315 --- [    Test worker] s.demo.pipeline.service.ApiServiceTest   : Started ApiServiceTest in 4.23 seconds (JVM running for 5.447)
[{metadata={name=devops-spring-deployment-6769576d47-s7gx9, generateName=devops-spring-deployment-6769576d47-, namespace=default, uid=678a9c19-7c4e-4156-b5d7-0236680de189, resourceVersion=2400, creationTimestamp=2022-03-30T04:56:08Z, labels={app=devops-spring-app, pod-template-hash=6769576d47}, annotations={cni.projectcalico.org/podIP=172.16.84.129/32, cni.projectcalico.org/podIPs=172.16.84.129/32}, ownerReferences=[{apiVersion=apps/v1, kind=ReplicaSet, name=devops-spring-deployment-6769576d47, uid=1d32bd15-b255-4ad2-b863-4b592266763a, controller=true, blockOwnerDeletion=true}], managedFields=[{manager=kube-controller-manager, operation=Update, apiVersion=v1, time=2022-03-30T04:56:08Z, fieldsType=FieldsV1, fieldsV1={f:metadata={f:generateName={}, f:labels={.={}, f:app={}, f:pod-template-hash={}}, f:ownerReferences={.={}, k:{"uid":"1d32bd15-b255-4ad2-b863-4b592266763a"}={.={}, f:apiVersion={}, f:blockOwnerDeletion={}, f:controller={}, f:kind={}, f:name={}, f:uid={}}}}, f:spec={f:containers={k:{"name":"core"}={.={}, f:image={}, f:imagePullPolicy={}, f:name={}, f:ports={.={}, k:{"containerPort":8080,"protocol":"TCP"}={.={}, f:containerPort={}, f:protocol={}}}, f:resources={.={}, f:requests={.={}, f:cpu={}, f:memory={}}}, f:terminationMessagePath={}, f:terminationMessagePolicy={}}}, f:dnsPolicy={}, f:enableServiceLinks={}, f:restartPolicy={}, f:schedulerName={}, f:securityContext={}, f:terminationGracePeriodSeconds={}}}}, {manager=calico, operation=Update, apiVersion=v1, time=2022-03-30T04:56:09Z, fieldsType=FieldsV1, fieldsV1={f:metadata={f:annotations={.={}, f:cni.projectcalico.org/podIP={}, f:cni.projectcalico.org/podIPs={}}}}}, {manager=kubelet, operation=Update, apiVersion=v1, time=2022-03-30T04:56:24Z, fieldsType=FieldsV1, fieldsV1={f:status={f:conditions={k:{"type":"ContainersReady"}={.={}, f:lastProbeTime={}, f:lastTransitionTime={}, f:status={}, f:type={}}, k:{"type":"Initialized"}={.={}, f:lastProbeTime={}, f:lastTransitionTime={}, f:status={}, f:type={}}, k:{"type":"Ready"}={.={}, f:lastProbeTime={}, f:lastTransitionTime={}, f:status={}, f:type={}}}, f:containerStatuses={}, f:hostIP={}, f:phase={}, f:podIP={}, f:podIPs={.={}, k:{"ip":"172.16.84.129"}={.={}, f:ip={}}}, f:startTime={}}}}]}, spec={volumes=[{name=kube-api-access-2ccsk, projected={sources=[{serviceAccountToken={expirationSeconds=3607, path=token}}, {configMap={name=kube-root-ca.crt, items=[{key=ca.crt, path=ca.crt}]}}, {downwardAPI={items=[{path=namespace, fieldRef={apiVersion=v1, fieldPath=metadata.namespace}}]}}], defaultMode=420}}], containers=[{name=core, image=zxcvb5434/devopstest:latest, ports=[{containerPort=8080, protocol=TCP}], resources={requests={cpu=500m, memory=1000Mi}}, volumeMounts=[{name=kube-api-access-2ccsk, readOnly=true, mountPath=/var/run/secrets/kubernetes.io/serviceaccount}], terminationMessagePath=/dev/termination-log, terminationMessagePolicy=File, imagePullPolicy=Always}], restartPolicy=Always, terminationGracePeriodSeconds=30, dnsPolicy=ClusterFirst, serviceAccountName=default, serviceAccount=default, nodeName=node-1, securityContext={}, schedulerName=default-scheduler, tolerations=[{key=node.kubernetes.io/not-ready, operator=Exists, effect=NoExecute, tolerationSeconds=300}, {key=node.kubernetes.io/unreachable, operator=Exists, effect=NoExecute, tolerationSeconds=300}], priority=0, enableServiceLinks=true, preemptionPolicy=PreemptLowerPriority}, status={phase=Running, conditions=[{type=Initialized, status=True, lastProbeTime=null, lastTransitionTime=2022-03-30T04:56:08Z}, {type=Ready, status=True, lastProbeTime=null, lastTransitionTime=2022-03-30T04:56:24Z}, {type=ContainersReady, status=True, lastProbeTime=null, lastTransitionTime=2022-03-30T04:56:24Z}, {type=PodScheduled, status=True, lastProbeTime=null, lastTransitionTime=2022-03-30T04:56:08Z}], hostIP=192.168.56.11, podIP=172.16.84.129, podIPs=[{ip=172.16.84.129}], startTime=2022-03-30T04:56:08Z, containerStatuses=[{name=core, state={running={startedAt=2022-03-30T04:56:24Z}}, lastState={}, ready=true, restartCount=0, image=docker.io/zxcvb5434/devopstest:latest, imageID=docker.io/zxcvb5434/devopstest@sha256:2cd1eaa919081a96c44ab9cd14cb0d67e04336f25bfaaa39788b8f9e341f0e0a, containerID=containerd://fb506027855e0e74fe8b03dd5fa57815be95944af2752358e50e675fe5a7d7a1, started=true}], qosClass=Burstable}}]
]]></system-out>
  <system-err><![CDATA[]]></system-err>
</testsuite>
